<?xml version="1.0" encoding="UTF-8"?>
<!-- Generated by org.testng.reporters.JUnitXMLReporter -->
<testsuite ignored="0" hostname="LAPTOP-DCJCMVDD" failures="1" tests="1" name="Test" time="14.46" errors="0" timestamp="2025-04-15T23:34:43 IST">
  <testcase classname="testCases.Reg_DDT" name="verify_DDTReg" time="6.514">
    <failure type="java.lang.AssertionError" message="null">
      <![CDATA[java.lang.AssertionError: null
at testCases.Reg_DDT.verify_DDTReg(Reg_DDT.java:63)
at java.base/java.util.ArrayList.forEach(ArrayList.java:1511)
... Removed 29 stack frames]]>
    </failure>
  </testcase> <!-- verify_DDTReg -->
</testsuite> <!-- Test -->
