<?xml version="1.0" encoding="UTF-8"?>
<testng-results ignored="0" total="2" passed="2" failed="0" skipped="0">
  <reporter-output>
  </reporter-output>
  <suite started-at="2024-09-27T20:44:46 IST" name="Master Suite" finished-at="2024-09-27T20:45:16 IST" duration-ms="30041">
    <groups>
      <group name="Master">
        <method signature="TC_01_Registration.Verify_registration()[pri:0, instance:testCases.TC_01_Registration@7c8c9a05]" name="Verify_registration" class="testCases.TC_01_Registration"/>
        <method signature="TC_02_LoginTest.verify_login()[pri:0, instance:testCases.TC_02_LoginTest@3d9c13b5]" name="verify_login" class="testCases.TC_02_LoginTest"/>
      </group> <!-- Master -->
      <group name="Sanity">
        <method signature="TC_01_Registration.Verify_registration()[pri:0, instance:testCases.TC_01_Registration@7c8c9a05]" name="Verify_registration" class="testCases.TC_01_Registration"/>
      </group> <!-- Sanity -->
      <group name="Regression">
        <method signature="TC_02_LoginTest.verify_login()[pri:0, instance:testCases.TC_02_LoginTest@3d9c13b5]" name="verify_login" class="testCases.TC_02_LoginTest"/>
      </group> <!-- Regression -->
    </groups>
    <test started-at="2024-09-27T20:44:46 IST" name="Test" finished-at="2024-09-27T20:45:16 IST" duration-ms="30041">
      <class name="testCases.TC_01_Registration">
        <test-method is-config="true" signature="setup(java.lang.String,java.lang.String)[pri:0, instance:testCases.TC_01_Registration@7c8c9a05]" started-at="2024-09-27T20:44:46 IST" name="setup" finished-at="2024-09-27T20:44:53 IST" duration-ms="6738" status="PASS">
          <params>
            <param index="0">
              <value>
                <![CDATA[windows]]>
              </value>
            </param>
            <param index="1">
              <value>
                <![CDATA[chrome]]>
              </value>
            </param>
          </params>
          <reporter-output>
          </reporter-output>
        </test-method> <!-- setup -->
        <test-method signature="Verify_registration()[pri:0, instance:testCases.TC_01_Registration@7c8c9a05]" started-at="2024-09-27T20:44:53 IST" name="Verify_registration" finished-at="2024-09-27T20:45:04 IST" duration-ms="11430" status="PASS">
          <reporter-output>
          </reporter-output>
        </test-method> <!-- Verify_registration -->
        <test-method is-config="true" signature="tearDown()[pri:0, instance:testCases.TC_01_Registration@7c8c9a05]" started-at="2024-09-27T20:45:04 IST" name="tearDown" finished-at="2024-09-27T20:45:05 IST" duration-ms="289" status="PASS">
          <reporter-output>
          </reporter-output>
        </test-method> <!-- tearDown -->
      </class> <!-- testCases.TC_01_Registration -->
      <class name="testCases.TC_02_LoginTest">
        <test-method is-config="true" signature="setup(java.lang.String,java.lang.String)[pri:0, instance:testCases.TC_02_LoginTest@3d9c13b5]" started-at="2024-09-27T20:45:05 IST" name="setup" finished-at="2024-09-27T20:45:09 IST" duration-ms="4620" status="PASS">
          <params>
            <param index="0">
              <value>
                <![CDATA[windows]]>
              </value>
            </param>
            <param index="1">
              <value>
                <![CDATA[chrome]]>
              </value>
            </param>
          </params>
          <reporter-output>
          </reporter-output>
        </test-method> <!-- setup -->
        <test-method signature="verify_login()[pri:0, instance:testCases.TC_02_LoginTest@3d9c13b5]" started-at="2024-09-27T20:45:09 IST" name="verify_login" finished-at="2024-09-27T20:45:15 IST" duration-ms="6087" status="PASS">
          <reporter-output>
          </reporter-output>
        </test-method> <!-- verify_login -->
        <test-method is-config="true" signature="tearDown()[pri:0, instance:testCases.TC_02_LoginTest@3d9c13b5]" started-at="2024-09-27T20:45:15 IST" name="tearDown" finished-at="2024-09-27T20:45:16 IST" duration-ms="237" status="PASS">
          <reporter-output>
          </reporter-output>
        </test-method> <!-- tearDown -->
      </class> <!-- testCases.TC_02_LoginTest -->
    </test> <!-- Test -->
  </suite> <!-- Master Suite -->
</testng-results>
